<?xml version="1.0" encoding="UTF-8"?>
<!-- Generated by org.testng.reporters.JUnitReportReporter -->
<testsuite hostname="LAPTOP-RE35JDP4" failures="0" tests="1" name="Axis.OrangeHRM.ImmiAddPassInfo" time="21.966" errors="0" timestamp="2024-02-29T20:15:54 IST" skipped="0">
  <testcase classname="Axis.OrangeHRM.ImmiAddPassInfo" name="PassportInfo" time="21.966"/>
</testsuite> <!-- Axis.OrangeHRM.ImmiAddPassInfo -->
