<?xml version="1.0" encoding="UTF-8"?>
<!-- Generated by org.testng.reporters.JUnitReportReporter -->
<testsuite hostname="LAPTOP-RE35JDP4" failures="0" tests="1" name="Axis.OrangeHRM.Job" time="23.218" errors="0" timestamp="2024-02-29T21:25:08 IST" skipped="0">
  <testcase classname="Axis.OrangeHRM.Job" name="Log" time="23.218"/>
</testsuite> <!-- Axis.OrangeHRM.Job -->
