<?xml version="1.0" encoding="UTF-8"?>
<!-- Generated by org.testng.reporters.JUnitReportReporter -->
<testsuite hostname="LAPTOP-RE35JDP4" failures="0" tests="1" name="Axis.OrangeHRM.Login" time="22.112" errors="0" timestamp="2024-02-29T21:25:08 IST" skipped="0">
  <testcase classname="Axis.OrangeHRM.Login" name="Log" time="22.112"/>
</testsuite> <!-- Axis.OrangeHRM.Login -->
