<?xml version="1.0" encoding="UTF-8"?>
<!-- Generated by org.testng.reporters.JUnitReportReporter -->
<testsuite hostname="LAPTOP-RE35JDP4" failures="0" tests="1" name="Axis.OrangeHRM.ImmiAddAttachment" time="23.731" errors="0" timestamp="2024-02-29T21:27:52 IST" skipped="0">
  <testcase classname="Axis.OrangeHRM.ImmiAddAttachment" name="Log" time="23.731"/>
  <system-out/>
</testsuite> <!-- Axis.OrangeHRM.ImmiAddAttachment -->
