<?xml version="1.0" encoding="UTF-8"?>
<!-- Generated by org.testng.reporters.JUnitReportReporter -->
<testsuite hostname="LAPTOP-RE35JDP4" failures="0" tests="1" name="Axis.OrangeHRM.Immigration" time="24.686" errors="0" timestamp="2024-02-29T21:27:52 IST" skipped="0">
  <testcase classname="Axis.OrangeHRM.Immigration" name="Log" time="24.686"/>
  <system-out/>
</testsuite> <!-- Axis.OrangeHRM.Immigration -->
